#
# An unexpected error has been detected by Java Runtime Environment:
#
#  Internal Error (434C41535326494C453041525345520E4350500B65), pid=1216, tid=6096
#
# Java VM: Java HotSpot(TM) Client VM (1.6.0_03-b05 mixed mode)
# If you would like to submit a bug report, please visit:
#   http://java.sun.com/webapps/bugreport/crash.jsp
#

---------------  T H R E A D  ---------------

Current thread (0x003f6400):  JavaThread "Unknown thread" [_thread_in_vm, id=6096]

Stack: [0x008d0000,0x00920000)
[error occurred during error reporting, step 110, id 0xc00000fd]

Native frames: (J=compiled Java code, j=interpreted, Vv=VM code, C=native code)
C  [javaw.exe+0xc4fc]
C  [javaw.exe+0x81b5]
C  [kernel32.dll+0xb729]


---------------  P R O C E S S  ---------------

Java Threads: ( => current thread )

Other Threads:

VM state:not at safepoint (not fully initilizated)

VM Mutex/Monitor currently owned by a thread: None

Heap
 def new generation   total 960K, used 0K [0x029d0000, 0x02ad0000, 0x02eb0000)
  eden space 896K,   0% used [0x029d0000, 0x029d0000, 0x02ab0000)
  from space 64K,   0% used [0x02ab0000, 0x02ab0000, 0x02ac0000)
  to   space 64K,   0% used [0x02ac0000, 0x02ac0000, 0x02ad0000)
 tenured generation   total 4096K, used 0K [0x02eb0000, 0x032b0000, 0x069d0000)
   the space 4096K,   0% used [0x02eb0000, 0x02eb0000, 0x02eb0200, 0x032b0000)
 compacting perm gen  total 12288K, used 99K [0x069d0000, 0x075d0000, 0x0a9d0000)
   the space 12288K,   0% used [0x069d0000, 0x069e8de8, 0x069e8e00, 0x075d0000)
No shared spaces configured.

Dynamic libraries:
0x00400000 - 0x00423000 	D:\jdk1.6.0_03\bin\javaw.exe
0x7c920000 - 0x7c9b6000 	C:\WINDOWS\system32\ntdll.dll
0x7c800000 - 0x7c91e000 	C:\WINDOWS\system32\kernel32.dll
0x77da0000 - 0x77e49000 	C:\WINDOWS\system32\ADVAPI32.dll
0x77e50000 - 0x77ee3000 	C:\WINDOWS\system32\RPCRT4.dll
0x77fc0000 - 0x77fd1000 	C:\WINDOWS\system32\Secur32.dll
0x77d10000 - 0x77da0000 	C:\WINDOWS\system32\USER32.dll
0x77ef0000 - 0x77f39000 	C:\WINDOWS\system32\GDI32.dll
0x76300000 - 0x7631d000 	C:\WINDOWS\system32\IMM32.DLL
0x62c20000 - 0x62c29000 	C:\WINDOWS\system32\LPK.DLL
0x73fa0000 - 0x7400b000 	C:\WINDOWS\system32\USP10.dll
0x7c340000 - 0x7c396000 	D:\jdk1.6.0_03\jre\bin\msvcr71.dll
0x6d870000 - 0x6daba000 	D:\jdk1.6.0_03\jre\bin\client\jvm.dll
0x76b10000 - 0x76b3a000 	C:\WINDOWS\system32\WINMM.dll
0x6d3c0000 - 0x6d3c8000 	D:\jdk1.6.0_03\jre\bin\hpi.dll
0x76bc0000 - 0x76bcb000 	C:\WINDOWS\system32\PSAPI.DLL
0x6d820000 - 0x6d82c000 	D:\jdk1.6.0_03\jre\bin\verify.dll
0x6d460000 - 0x6d47f000 	D:\jdk1.6.0_03\jre\bin\java.dll
0x6d860000 - 0x6d86f000 	D:\jdk1.6.0_03\jre\bin\zip.dll

VM Arguments:
jvm_args: -Xbootclasspath:C:\android-sdk-windows\platforms\android-7\android.jar
java_command: Test
Launcher Type: SUN_STANDARD

Environment Variables:
JAVA_HOME=D:\jdk1.6.0_03
CLASSPATH=.;D:\jdk1.6.0_03\lib;D:\jdk1.6.0_03\lib\tools.jar;C:\Program Files\Java\jre6\lib\ext\QTJava.zip
PATH=F:\Program Files\CollabNet\Subversion Server;F:\oracle\product\10.2.0\client_2\bin;F:\oracle\product\10.2.0\client_1\bin;.;D:\jdk1.6.0_03\bin;C:\WINDOWS\system32;C:\WINDOWS;C:\WINDOWS\System32\Wbem;D:\Program Files\Rational\common;C:\Program Files\TortoiseSVN\bin;F:\apache-ant\bin;C:\Program Files\MySQL\MySQL Server 5.0\bin;C:\Program Files\Microsoft SQL Server\80\Tools\BINN;C:\Program Files\QuickTime\QTSystem\;D:\Program Files\StormII\Codec;D:\Program Files\StormII
USERNAME=Administrator
OS=Windows_NT
PROCESSOR_IDENTIFIER=x86 Family 6 Model 14 Stepping 8, GenuineIntel



---------------  S Y S T E M  ---------------

OS: Windows XP Build 2600 Service Pack 3

CPU:total 2 (2 cores per cpu, 1 threads per core) family 6 model 14 stepping 8, cmov, cx8, fxsr, mmx, sse, sse2, sse3

Memory: 4k page, physical 2097151k(917672k free), swap 4036884k(1930968k free)

vm_info: Java HotSpot(TM) Client VM (1.6.0_03-b05) for windows-x86, built on Sep 24 2007 22:24:33 by "java_re" with unknown MS VC++:1310

